<?xml version="1.0" encoding="UTF-8"?>
<!-- Generated by org.testng.reporters.JUnitXMLReporter -->
<testsuite ignored="0" hostname="DESKTOP-KCJU303" failures="0" tests="5" name="Test" time="50.827" errors="0" timestamp="2024-03-06T22:02:26 PST">
  <testcase classname="com.xyzbank.qa.testcases.TC003_AddNewCustomerTest" name="verifyManagerLogin" time="3.168"/>
  <testcase classname="com.xyzbank.qa.testcases.TC004_OpenNewAccountTest" name="createAccount" time="4.192"/>
  <testcase classname="com.xyzbank.qa.testcases.TC005_SearchCustomerTest" name="verifySearch" time="4.505"/>
  <testcase classname="com.xyzbank.qa.testcases.TC001_HomepageTest" name="homePageTest" time="1.252"/>
  <testcase classname="com.xyzbank.qa.testcases.TC002_LoginTest" name="verifyLogin" time="3.289"/>
</testsuite> <!-- Test -->
